<?xml version="1.0" encoding="UTF-8"?>
<!-- Generated by org.testng.reporters.JUnitReportReporter -->
<testsuite ignored="0" hostname="Lenovo-PC" failures="0" tests="1" name="Listerners.Listerners.FirsListener" time="0.015" errors="0" timestamp="20 Feb 2018 19:25:12 GMT" skipped="0">
  <testcase classname="Listerners.Listerners.FirsListener" name="hellWorld" time="0.015"/>
</testsuite> <!-- Listerners.Listerners.FirsListener -->
